<?xml version="1.0" encoding="UTF-8"?>
<!-- Generated by org.testng.reporters.JUnitXMLReporter -->
<testsuite ignored="0" hostname="DESKTOP-CA4EHI8" failures="0" tests="6" name="Default test" time="92.347" errors="0" timestamp="2021-03-23T10:08:36 IST">
  <testcase classname="com.policybazaar.executetest.ExecuteTest" name="navigatingTravelInsurance" time="14.691"/>
  <testcase classname="com.policybazaar.executetest.ExecuteTest" name="executingTravelInsurance" time="13.029"/>
  <testcase classname="com.policybazaar.executetest.ExecuteTest" name="navigatingCarInsurance" time="42.288"/>
  <testcase classname="com.policybazaar.executetest.ExecuteTest" name="executingCarInsurance" time="2.375"/>
  <testcase classname="com.policybazaar.executetest.ExecuteTest" name="navigatingHealthInsurance" time="4.455"/>
  <testcase classname="com.policybazaar.executetest.ExecuteTest" name="executingHealthInsurance" time="15.45"/>
</testsuite> <!-- Default test -->
