<?xml version="1.0" encoding="UTF-8"?>
<!-- Generated by org.testng.reporters.JUnitReportReporter -->
<testsuite hostname="DESKTOP-CA4EHI8" failures="0" tests="6" name="com.policybazaar.executetest.ExecuteTest" time="92.288" errors="0" timestamp="2021-03-23T10:08:36 IST" skipped="0">
  <testcase classname="com.policybazaar.executetest.ExecuteTest" name="navigatingTravelInsurance" time="14.691"/>
  <system-out/>
  <testcase classname="com.policybazaar.executetest.ExecuteTest" name="executingTravelInsurance" time="13.029"/>
  <system-out/>
  <testcase classname="com.policybazaar.executetest.ExecuteTest" name="navigatingCarInsurance" time="42.288"/>
  <system-out/>
  <testcase classname="com.policybazaar.executetest.ExecuteTest" name="executingCarInsurance" time="2.375"/>
  <system-out/>
  <testcase classname="com.policybazaar.executetest.ExecuteTest" name="navigatingHealthInsurance" time="4.455"/>
  <system-out/>
  <testcase classname="com.policybazaar.executetest.ExecuteTest" name="executingHealthInsurance" time="15.450"/>
  <system-out/>
</testsuite> <!-- com.policybazaar.executetest.ExecuteTest -->
