<?xml version="1.0" encoding="UTF-8"?>
<!-- Generated by org.testng.reporters.JUnitReportReporter -->
<testsuite hostname="PCIN476513" name="com.policybazaar.group4.executetest.ExecuteTest" tests="3" failures="0" timestamp="21 Mar 2021 06:10:17 GMT" time="48.570" errors="0">
  <testcase name="executeHealthTest" time="22.409" classname="com.policybazaar.group4.executetest.ExecuteTest"/>
  <testcase name="executeTravelTest" time="11.228" classname="com.policybazaar.group4.executetest.ExecuteTest"/>
  <testcase name="executeCarTest" time="14.933" classname="com.policybazaar.group4.executetest.ExecuteTest"/>
</testsuite> <!-- com.policybazaar.group4.executetest.ExecuteTest -->
